[debug] [2018-09-27T17:29:03.686Z] ----------------------------------------------------------------------
[debug] [2018-09-27T17:29:03.690Z] Command:       C:\Program Files\nodejs\node.exe C:\Users\hugo.miranda\AppData\Roaming\npm\node_modules\firebase-tools\bin\firebase serve
[debug] [2018-09-27T17:29:03.690Z] CLI Version:   4.2.1
[debug] [2018-09-27T17:29:03.690Z] Platform:      win32
[debug] [2018-09-27T17:29:03.690Z] Node Version:  v8.11.3
[debug] [2018-09-27T17:29:03.694Z] Time:          Thu Sep 27 2018 12:29:03 GMT-0500 (Central Daylight Time (Mexico))
[debug] [2018-09-27T17:29:03.694Z] ----------------------------------------------------------------------
[debug] 
[debug] [2018-09-27T17:29:03.727Z] > command requires scopes: ["email","openid","https://www.googleapis.com/auth/cloudplatformprojects.readonly","https://www.googleapis.com/auth/firebase","https://www.googleapis.com/auth/cloud-platform"]
[debug] [2018-09-27T17:29:03.728Z] > authorizing via signed-in user
[debug] [2018-09-27T17:29:03.735Z] >>> HTTP REQUEST GET https://admin.firebase.com/v1/projects/forcefitnessclub-128df  
 
[debug] [2018-09-27T17:29:04.602Z] <<< HTTP RESPONSE 200
[debug] [2018-09-27T17:29:04.602Z] >>> HTTP REQUEST GET https://cloudresourcemanager.googleapis.com/v1/projects/forcefitnessclub-128df  
 
[debug] [2018-09-27T17:29:05.161Z] <<< HTTP RESPONSE 200
[info] 
[info] === Serving from 'C:\Users\hugo.miranda\Documents\Project\xd-mentories\miranda_hugo\ForceFitnessClub'...
[info] 
[debug] [2018-09-27T17:29:05.164Z] >>> HTTP REQUEST GET https://mobilesdk-pa.googleapis.com/v1/projects/275800715940/clients/_:getWebAppConfig  
 
[debug] [2018-09-27T17:29:05.596Z] <<< HTTP RESPONSE 200
[info] i  hosting[forcefitnessclub-128df]: Serving hosting files from: public
[info] +  hosting[forcefitnessclub-128df]: Local server: http://localhost:5000
